{"/Users/buka/Desktop/Brainnest/brainnest_my_library_with_tests/src/book.js": {"path":"/Users/buka/Desktop/Brainnest/brainnest_my_library_with_tests/src/book.js","statementMap":{"0":{"start":{"line":6,"column":4},"end":{"line":6,"column":22}},"1":{"start":{"line":7,"column":4},"end":{"line":7,"column":24}},"2":{"start":{"line":8,"column":4},"end":{"line":8,"column":22}},"3":{"start":{"line":9,"column":4},"end":{"line":9,"column":28}},"4":{"start":{"line":10,"column":4},"end":{"line":10,"column":34}},"5":{"start":{"line":11,"column":4},"end":{"line":11,"column":24}},"6":{"start":{"line":12,"column":4},"end":{"line":12,"column":30}},"7":{"start":{"line":13,"column":4},"end":{"line":13,"column":31}},"8":{"start":{"line":16,"column":28},"end":{"line":23,"column":3}},"9":{"start":{"line":17,"column":20},"end":{"line":17,"column":38}},"10":{"start":{"line":18,"column":17},"end":{"line":18,"column":22}},"11":{"start":{"line":19,"column":4},"end":{"line":19,"column":44}},"12":{"start":{"line":19,"column":31},"end":{"line":19,"column":44}},"13":{"start":{"line":20,"column":17},"end":{"line":20,"column":90}},"14":{"start":{"line":21,"column":4},"end":{"line":21,"column":25}},"15":{"start":{"line":22,"column":4},"end":{"line":22,"column":31}},"16":{"start":{"line":25,"column":22},"end":{"line":29,"column":3}},"17":{"start":{"line":26,"column":20},"end":{"line":26,"column":38}},"18":{"start":{"line":27,"column":4},"end":{"line":27,"column":36}},"19":{"start":{"line":28,"column":4},"end":{"line":28,"column":31}},"20":{"start":{"line":31,"column":22},"end":{"line":36,"column":3}},"21":{"start":{"line":32,"column":20},"end":{"line":32,"column":38}},"22":{"start":{"line":33,"column":4},"end":{"line":33,"column":32}},"23":{"start":{"line":34,"column":21},"end":{"line":34,"column":25}},"24":{"start":{"line":35,"column":4},"end":{"line":35,"column":41}}},"fnMap":{"0":{"name":"(anonymous_0)","decl":{"start":{"line":5,"column":2},"end":{"line":5,"column":3}},"loc":{"start":{"line":5,"column":78},"end":{"line":14,"column":3}},"line":5},"1":{"name":"(anonymous_1)","decl":{"start":{"line":16,"column":28},"end":{"line":16,"column":29}},"loc":{"start":{"line":16,"column":103},"end":{"line":23,"column":3}},"line":16},"2":{"name":"(anonymous_2)","decl":{"start":{"line":25,"column":22},"end":{"line":25,"column":23}},"loc":{"start":{"line":25,"column":39},"end":{"line":29,"column":3}},"line":25},"3":{"name":"(anonymous_3)","decl":{"start":{"line":31,"column":22},"end":{"line":31,"column":23}},"loc":{"start":{"line":31,"column":41},"end":{"line":36,"column":3}},"line":31}},"branchMap":{"0":{"loc":{"start":{"line":19,"column":4},"end":{"line":19,"column":44}},"type":"if","locations":[{"start":{"line":19,"column":4},"end":{"line":19,"column":44}},{"start":{},"end":{}}],"line":19}},"s":{"0":1,"1":1,"2":1,"3":1,"4":1,"5":1,"6":1,"7":1,"8":3,"9":1,"10":1,"11":1,"12":0,"13":1,"14":1,"15":1,"16":3,"17":0,"18":0,"19":0,"20":3,"21":0,"22":0,"23":0,"24":0},"f":{"0":1,"1":1,"2":0,"3":0},"b":{"0":[0,1]},"_coverageSchema":"1a1c01bbd47fc00a2c39e90264f33305004495a9","hash":"614642fd33be1f7355aa52a14c4b8122f02a764f"}
,"/Users/buka/Desktop/Brainnest/brainnest_my_library_with_tests/src/modal.js": {"path":"/Users/buka/Desktop/Brainnest/brainnest_my_library_with_tests/src/modal.js","statementMap":{"0":{"start":{"line":3,"column":14},"end":{"line":3,"column":46}},"1":{"start":{"line":4,"column":21},"end":{"line":4,"column":61}},"2":{"start":{"line":5,"column":18},"end":{"line":5,"column":55}},"3":{"start":{"line":7,"column":18},"end":{"line":10,"column":1}},"4":{"start":{"line":8,"column":2},"end":{"line":8,"column":41}},"5":{"start":{"line":9,"column":2},"end":{"line":9,"column":31}},"6":{"start":{"line":12,"column":19},"end":{"line":18,"column":1}},"7":{"start":{"line":13,"column":2},"end":{"line":16,"column":3}},"8":{"start":{"line":14,"column":4},"end":{"line":14,"column":41}},"9":{"start":{"line":15,"column":4},"end":{"line":15,"column":32}},"10":{"start":{"line":17,"column":2},"end":{"line":17,"column":21}},"11":{"start":{"line":20,"column":0},"end":{"line":22,"column":1}},"12":{"start":{"line":21,"column":2},"end":{"line":21,"column":49}},"13":{"start":{"line":24,"column":0},"end":{"line":26,"column":1}},"14":{"start":{"line":25,"column":2},"end":{"line":25,"column":52}},"15":{"start":{"line":28,"column":0},"end":{"line":30,"column":1}},"16":{"start":{"line":29,"column":2},"end":{"line":29,"column":45}},"17":{"start":{"line":32,"column":0},"end":{"line":37,"column":2}},"18":{"start":{"line":33,"column":2},"end":{"line":36,"column":3}},"19":{"start":{"line":34,"column":4},"end":{"line":34,"column":41}},"20":{"start":{"line":35,"column":4},"end":{"line":35,"column":32}}},"fnMap":{"0":{"name":"(anonymous_0)","decl":{"start":{"line":7,"column":18},"end":{"line":7,"column":19}},"loc":{"start":{"line":7,"column":25},"end":{"line":10,"column":1}},"line":7},"1":{"name":"(anonymous_1)","decl":{"start":{"line":12,"column":19},"end":{"line":12,"column":20}},"loc":{"start":{"line":12,"column":26},"end":{"line":18,"column":1}},"line":12},"2":{"name":"(anonymous_2)","decl":{"start":{"line":32,"column":37},"end":{"line":32,"column":38}},"loc":{"start":{"line":32,"column":49},"end":{"line":37,"column":1}},"line":32}},"branchMap":{"0":{"loc":{"start":{"line":13,"column":2},"end":{"line":16,"column":3}},"type":"if","locations":[{"start":{"line":13,"column":2},"end":{"line":16,"column":3}},{"start":{},"end":{}}],"line":13},"1":{"loc":{"start":{"line":13,"column":6},"end":{"line":13,"column":70}},"type":"binary-expr","locations":[{"start":{"line":13,"column":6},"end":{"line":13,"column":14}},{"start":{"line":13,"column":18},"end":{"line":13,"column":70}}],"line":13},"2":{"loc":{"start":{"line":20,"column":0},"end":{"line":22,"column":1}},"type":"if","locations":[{"start":{"line":20,"column":0},"end":{"line":22,"column":1}},{"start":{},"end":{}}],"line":20},"3":{"loc":{"start":{"line":24,"column":0},"end":{"line":26,"column":1}},"type":"if","locations":[{"start":{"line":24,"column":0},"end":{"line":26,"column":1}},{"start":{},"end":{}}],"line":24},"4":{"loc":{"start":{"line":28,"column":0},"end":{"line":30,"column":1}},"type":"if","locations":[{"start":{"line":28,"column":0},"end":{"line":30,"column":1}},{"start":{},"end":{}}],"line":28},"5":{"loc":{"start":{"line":33,"column":2},"end":{"line":36,"column":3}},"type":"if","locations":[{"start":{"line":33,"column":2},"end":{"line":36,"column":3}},{"start":{},"end":{}}],"line":33}},"s":{"0":2,"1":2,"2":2,"3":2,"4":0,"5":0,"6":2,"7":0,"8":0,"9":0,"10":0,"11":2,"12":0,"13":2,"14":0,"15":2,"16":0,"17":2,"18":0,"19":0,"20":0},"f":{"0":0,"1":0,"2":0},"b":{"0":[0,0],"1":[0,0],"2":[0,2],"3":[0,2],"4":[0,2],"5":[0,0]},"_coverageSchema":"1a1c01bbd47fc00a2c39e90264f33305004495a9","hash":"efe0e68f7615550c1d27b351126000ad06f8c999"}
,"/Users/buka/Desktop/Brainnest/brainnest_my_library_with_tests/src/progress-bar.js": {"path":"/Users/buka/Desktop/Brainnest/brainnest_my_library_with_tests/src/progress-bar.js","statementMap":{"0":{"start":{"line":5,"column":26},"end":{"line":26,"column":3}},"1":{"start":{"line":6,"column":19},"end":{"line":6,"column":20}},"2":{"start":{"line":7,"column":24},"end":{"line":7,"column":64}},"3":{"start":{"line":8,"column":27},"end":{"line":8,"column":66}},"4":{"start":{"line":9,"column":24},"end":{"line":9,"column":62}},"5":{"start":{"line":10,"column":22},"end":{"line":10,"column":40}},"6":{"start":{"line":11,"column":22},"end":{"line":13,"column":6}},"7":{"start":{"line":12,"column":6},"end":{"line":12,"column":24}},"8":{"start":{"line":14,"column":4},"end":{"line":23,"column":5}},"9":{"start":{"line":15,"column":6},"end":{"line":15,"column":70}},"10":{"start":{"line":16,"column":6},"end":{"line":16,"column":62}},"11":{"start":{"line":17,"column":6},"end":{"line":17,"column":49}},"12":{"start":{"line":18,"column":6},"end":{"line":18,"column":40}},"13":{"start":{"line":20,"column":6},"end":{"line":20,"column":37}},"14":{"start":{"line":21,"column":6},"end":{"line":21,"column":58}},"15":{"start":{"line":22,"column":6},"end":{"line":22,"column":41}},"16":{"start":{"line":24,"column":4},"end":{"line":24,"column":44}},"17":{"start":{"line":25,"column":4},"end":{"line":25,"column":19}}},"fnMap":{"0":{"name":"(anonymous_0)","decl":{"start":{"line":5,"column":26},"end":{"line":5,"column":27}},"loc":{"start":{"line":5,"column":32},"end":{"line":26,"column":3}},"line":5},"1":{"name":"(anonymous_1)","decl":{"start":{"line":11,"column":39},"end":{"line":11,"column":40}},"loc":{"start":{"line":11,"column":49},"end":{"line":13,"column":5}},"line":11}},"branchMap":{"0":{"loc":{"start":{"line":14,"column":4},"end":{"line":23,"column":5}},"type":"if","locations":[{"start":{"line":14,"column":4},"end":{"line":23,"column":5}},{"start":{"line":19,"column":11},"end":{"line":23,"column":5}}],"line":14}},"s":{"0":2,"1":0,"2":0,"3":0,"4":0,"5":0,"6":0,"7":0,"8":0,"9":0,"10":0,"11":0,"12":0,"13":0,"14":0,"15":0,"16":0,"17":0},"f":{"0":0,"1":0},"b":{"0":[0,0]},"_coverageSchema":"1a1c01bbd47fc00a2c39e90264f33305004495a9","hash":"5bac4b42cbd6bfef1bbe4d7a0d255d7ca42a75a8"}
,"/Users/buka/Desktop/Brainnest/brainnest_my_library_with_tests/src/storage.js": {"path":"/Users/buka/Desktop/Brainnest/brainnest_my_library_with_tests/src/storage.js","statementMap":{"0":{"start":{"line":7,"column":20},"end":{"line":7,"column":106}},"1":{"start":{"line":8,"column":4},"end":{"line":8,"column":20}},"2":{"start":{"line":12,"column":4},"end":{"line":12,"column":64}},"3":{"start":{"line":13,"column":4},"end":{"line":15,"column":5}},"4":{"start":{"line":14,"column":6},"end":{"line":14,"column":22}},"5":{"start":{"line":16,"column":4},"end":{"line":16,"column":32}}},"fnMap":{"0":{"name":"(anonymous_0)","decl":{"start":{"line":6,"column":2},"end":{"line":6,"column":3}},"loc":{"start":{"line":6,"column":21},"end":{"line":9,"column":3}},"line":6},"1":{"name":"(anonymous_1)","decl":{"start":{"line":11,"column":2},"end":{"line":11,"column":3}},"loc":{"start":{"line":11,"column":40},"end":{"line":17,"column":3}},"line":11}},"branchMap":{"0":{"loc":{"start":{"line":7,"column":20},"end":{"line":7,"column":106}},"type":"cond-expr","locations":[{"start":{"line":7,"column":56},"end":{"line":7,"column":101}},{"start":{"line":7,"column":104},"end":{"line":7,"column":106}}],"line":7},"1":{"loc":{"start":{"line":13,"column":4},"end":{"line":15,"column":5}},"type":"if","locations":[{"start":{"line":13,"column":4},"end":{"line":15,"column":5}},{"start":{},"end":{}}],"line":13}},"s":{"0":3,"1":3,"2":1,"3":1,"4":1,"5":1},"f":{"0":3,"1":1},"b":{"0":[1,2],"1":[1,0]},"_coverageSchema":"1a1c01bbd47fc00a2c39e90264f33305004495a9","hash":"869ccf1372bed9c4cd8313e7d0c63708052d8afb"}
,"/Users/buka/Desktop/Brainnest/brainnest_my_library_with_tests/src/ui.js": {"path":"/Users/buka/Desktop/Brainnest/brainnest_my_library_with_tests/src/ui.js","statementMap":{"0":{"start":{"line":8,"column":18},"end":{"line":8,"column":50}},"1":{"start":{"line":9,"column":4},"end":{"line":9,"column":27}},"2":{"start":{"line":10,"column":18},"end":{"line":10,"column":36}},"3":{"start":{"line":11,"column":4},"end":{"line":40,"column":5}},"4":{"start":{"line":12,"column":4},"end":{"line":37,"column":6}},"5":{"start":{"line":13,"column":22},"end":{"line":35,"column":20}},"6":{"start":{"line":36,"column":4},"end":{"line":36,"column":33}},"7":{"start":{"line":39,"column":6},"end":{"line":39,"column":60}},"8":{"start":{"line":44,"column":19},"end":{"line":44,"column":53}},"9":{"start":{"line":45,"column":4},"end":{"line":45,"column":29}},"10":{"start":{"line":46,"column":4},"end":{"line":46,"column":38}},"11":{"start":{"line":50,"column":22},"end":{"line":50,"column":40}},"12":{"start":{"line":53,"column":4},"end":{"line":84,"column":5}},"13":{"start":{"line":55,"column":8},"end":{"line":57,"column":11}},"14":{"start":{"line":56,"column":10},"end":{"line":56,"column":47}},"15":{"start":{"line":58,"column":8},"end":{"line":58,"column":13}},"16":{"start":{"line":60,"column":8},"end":{"line":62,"column":11}},"17":{"start":{"line":61,"column":10},"end":{"line":61,"column":49}},"18":{"start":{"line":63,"column":8},"end":{"line":63,"column":13}},"19":{"start":{"line":65,"column":8},"end":{"line":67,"column":11}},"20":{"start":{"line":66,"column":10},"end":{"line":66,"column":53}},"21":{"start":{"line":68,"column":8},"end":{"line":68,"column":13}},"22":{"start":{"line":70,"column":8},"end":{"line":72,"column":11}},"23":{"start":{"line":71,"column":10},"end":{"line":71,"column":54}},"24":{"start":{"line":73,"column":8},"end":{"line":73,"column":13}},"25":{"start":{"line":75,"column":8},"end":{"line":77,"column":11}},"26":{"start":{"line":76,"column":10},"end":{"line":76,"column":36}},"27":{"start":{"line":78,"column":8},"end":{"line":78,"column":13}},"28":{"start":{"line":81,"column":8},"end":{"line":83,"column":11}},"29":{"start":{"line":82,"column":10},"end":{"line":82,"column":66}},"30":{"start":{"line":85,"column":4},"end":{"line":85,"column":35}},"31":{"start":{"line":88,"column":31},"end":{"line":93,"column":3}},"32":{"start":{"line":89,"column":4},"end":{"line":89,"column":49}},"33":{"start":{"line":90,"column":4},"end":{"line":90,"column":47}},"34":{"start":{"line":91,"column":4},"end":{"line":91,"column":2063}},"35":{"start":{"line":92,"column":4},"end":{"line":92,"column":15}},"36":{"start":{"line":95,"column":24},"end":{"line":101,"column":3}},"37":{"start":{"line":96,"column":4},"end":{"line":96,"column":22}},"38":{"start":{"line":97,"column":4},"end":{"line":97,"column":17}},"39":{"start":{"line":98,"column":21},"end":{"line":98,"column":43}},"40":{"start":{"line":99,"column":22},"end":{"line":99,"column":50}},"41":{"start":{"line":100,"column":4},"end":{"line":100,"column":37}},"42":{"start":{"line":103,"column":23},"end":{"line":118,"column":3}},"43":{"start":{"line":104,"column":20},"end":{"line":104,"column":65}},"44":{"start":{"line":105,"column":17},"end":{"line":105,"column":68}},"45":{"start":{"line":106,"column":22},"end":{"line":106,"column":58}},"46":{"start":{"line":107,"column":19},"end":{"line":107,"column":35}},"47":{"start":{"line":109,"column":4},"end":{"line":113,"column":13}},"48":{"start":{"line":111,"column":6},"end":{"line":111,"column":33}},"49":{"start":{"line":112,"column":6},"end":{"line":112,"column":37}},"50":{"start":{"line":115,"column":4},"end":{"line":117,"column":5}},"51":{"start":{"line":116,"column":6},"end":{"line":116,"column":32}}},"fnMap":{"0":{"name":"(anonymous_0)","decl":{"start":{"line":7,"column":2},"end":{"line":7,"column":3}},"loc":{"start":{"line":7,"column":23},"end":{"line":41,"column":3}},"line":7},"1":{"name":"(anonymous_1)","decl":{"start":{"line":12,"column":20},"end":{"line":12,"column":21}},"loc":{"start":{"line":12,"column":98},"end":{"line":37,"column":5}},"line":12},"2":{"name":"(anonymous_2)","decl":{"start":{"line":43,"column":2},"end":{"line":43,"column":3}},"loc":{"start":{"line":43,"column":31},"end":{"line":47,"column":3}},"line":43},"3":{"name":"(anonymous_3)","decl":{"start":{"line":49,"column":2},"end":{"line":49,"column":3}},"loc":{"start":{"line":49,"column":29},"end":{"line":86,"column":3}},"line":49},"4":{"name":"(anonymous_4)","decl":{"start":{"line":55,"column":39},"end":{"line":55,"column":40}},"loc":{"start":{"line":55,"column":54},"end":{"line":57,"column":9}},"line":55},"5":{"name":"(anonymous_5)","decl":{"start":{"line":60,"column":39},"end":{"line":60,"column":40}},"loc":{"start":{"line":60,"column":54},"end":{"line":62,"column":9}},"line":60},"6":{"name":"(anonymous_6)","decl":{"start":{"line":65,"column":39},"end":{"line":65,"column":40}},"loc":{"start":{"line":65,"column":54},"end":{"line":67,"column":9}},"line":65},"7":{"name":"(anonymous_7)","decl":{"start":{"line":70,"column":39},"end":{"line":70,"column":40}},"loc":{"start":{"line":70,"column":54},"end":{"line":72,"column":9}},"line":70},"8":{"name":"(anonymous_8)","decl":{"start":{"line":75,"column":39},"end":{"line":75,"column":40}},"loc":{"start":{"line":75,"column":54},"end":{"line":77,"column":9}},"line":75},"9":{"name":"(anonymous_9)","decl":{"start":{"line":81,"column":39},"end":{"line":81,"column":40}},"loc":{"start":{"line":81,"column":54},"end":{"line":83,"column":9}},"line":81},"10":{"name":"(anonymous_10)","decl":{"start":{"line":88,"column":31},"end":{"line":88,"column":32}},"loc":{"start":{"line":88,"column":37},"end":{"line":93,"column":3}},"line":88},"11":{"name":"(anonymous_11)","decl":{"start":{"line":95,"column":24},"end":{"line":95,"column":25}},"loc":{"start":{"line":95,"column":31},"end":{"line":101,"column":3}},"line":95},"12":{"name":"(anonymous_12)","decl":{"start":{"line":103,"column":23},"end":{"line":103,"column":24}},"loc":{"start":{"line":103,"column":29},"end":{"line":118,"column":3}},"line":103},"13":{"name":"(anonymous_13)","decl":{"start":{"line":109,"column":36},"end":{"line":109,"column":37}},"loc":{"start":{"line":109,"column":42},"end":{"line":113,"column":5}},"line":109}},"branchMap":{"0":{"loc":{"start":{"line":11,"column":4},"end":{"line":40,"column":5}},"type":"if","locations":[{"start":{"line":11,"column":4},"end":{"line":40,"column":5}},{"start":{"line":38,"column":11},"end":{"line":40,"column":5}}],"line":11},"1":{"loc":{"start":{"line":16,"column":24},"end":{"line":16,"column":74}},"type":"cond-expr","locations":[{"start":{"line":16,"column":36},"end":{"line":16,"column":45}},{"start":{"line":16,"column":48},"end":{"line":16,"column":74}}],"line":16},"2":{"loc":{"start":{"line":28,"column":107},"end":{"line":28,"column":130}},"type":"cond-expr","locations":[{"start":{"line":28,"column":116},"end":{"line":28,"column":125}},{"start":{"line":28,"column":128},"end":{"line":28,"column":130}}],"line":28},"3":{"loc":{"start":{"line":30,"column":105},"end":{"line":30,"column":129}},"type":"cond-expr","locations":[{"start":{"line":30,"column":115},"end":{"line":30,"column":124}},{"start":{"line":30,"column":127},"end":{"line":30,"column":129}}],"line":30},"4":{"loc":{"start":{"line":53,"column":4},"end":{"line":84,"column":5}},"type":"switch","locations":[{"start":{"line":54,"column":6},"end":{"line":58,"column":13}},{"start":{"line":59,"column":6},"end":{"line":63,"column":13}},{"start":{"line":64,"column":6},"end":{"line":68,"column":13}},{"start":{"line":69,"column":6},"end":{"line":73,"column":13}},{"start":{"line":74,"column":6},"end":{"line":78,"column":13}},{"start":{"line":79,"column":6},"end":{"line":83,"column":11}}],"line":53},"5":{"loc":{"start":{"line":115,"column":4},"end":{"line":117,"column":5}},"type":"if","locations":[{"start":{"line":115,"column":4},"end":{"line":117,"column":5}},{"start":{},"end":{}}],"line":115}},"s":{"0":0,"1":0,"2":0,"3":0,"4":0,"5":0,"6":0,"7":0,"8":0,"9":0,"10":0,"11":0,"12":0,"13":0,"14":0,"15":0,"16":0,"17":0,"18":0,"19":0,"20":0,"21":0,"22":0,"23":0,"24":0,"25":0,"26":0,"27":0,"28":0,"29":0,"30":0,"31":2,"32":0,"33":0,"34":0,"35":0,"36":2,"37":0,"38":0,"39":0,"40":0,"41":0,"42":2,"43":0,"44":0,"45":0,"46":0,"47":0,"48":0,"49":0,"50":0,"51":0},"f":{"0":0,"1":0,"2":0,"3":0,"4":0,"5":0,"6":0,"7":0,"8":0,"9":0,"10":0,"11":0,"12":0,"13":0},"b":{"0":[0,0],"1":[0,0],"2":[0,0],"3":[0,0],"4":[0,0,0,0,0,0],"5":[0,0]},"_coverageSchema":"1a1c01bbd47fc00a2c39e90264f33305004495a9","hash":"1811a49d30b5dbda201ea19e83fe57d6de23b1a2"}
}
