{"/Users/buka/Desktop/Brainnest/brainnest_my_library_with_tests/src/book.js": {"path":"/Users/buka/Desktop/Brainnest/brainnest_my_library_with_tests/src/book.js","statementMap":{"0":{"start":{"line":6,"column":4},"end":{"line":6,"column":22}},"1":{"start":{"line":7,"column":4},"end":{"line":7,"column":24}},"2":{"start":{"line":8,"column":4},"end":{"line":8,"column":22}},"3":{"start":{"line":9,"column":4},"end":{"line":9,"column":28}},"4":{"start":{"line":10,"column":4},"end":{"line":10,"column":34}},"5":{"start":{"line":11,"column":4},"end":{"line":11,"column":24}},"6":{"start":{"line":12,"column":4},"end":{"line":12,"column":30}},"7":{"start":{"line":13,"column":4},"end":{"line":13,"column":31}},"8":{"start":{"line":17,"column":20},"end":{"line":17,"column":44}},"9":{"start":{"line":18,"column":17},"end":{"line":18,"column":22}},"10":{"start":{"line":19,"column":4},"end":{"line":19,"column":44}},"11":{"start":{"line":19,"column":31},"end":{"line":19,"column":44}},"12":{"start":{"line":20,"column":17},"end":{"line":20,"column":90}},"13":{"start":{"line":21,"column":4},"end":{"line":21,"column":25}},"14":{"start":{"line":22,"column":4},"end":{"line":22,"column":31}},"15":{"start":{"line":26,"column":20},"end":{"line":26,"column":44}},"16":{"start":{"line":27,"column":4},"end":{"line":27,"column":36}},"17":{"start":{"line":28,"column":4},"end":{"line":28,"column":31}},"18":{"start":{"line":32,"column":21},"end":{"line":32,"column":25}},"19":{"start":{"line":33,"column":20},"end":{"line":33,"column":52}},"20":{"start":{"line":34,"column":4},"end":{"line":34,"column":32}},"21":{"start":{"line":35,"column":4},"end":{"line":35,"column":41}}},"fnMap":{"0":{"name":"(anonymous_0)","decl":{"start":{"line":5,"column":2},"end":{"line":5,"column":3}},"loc":{"start":{"line":5,"column":78},"end":{"line":14,"column":3}},"line":5},"1":{"name":"(anonymous_1)","decl":{"start":{"line":16,"column":2},"end":{"line":16,"column":3}},"loc":{"start":{"line":16,"column":104},"end":{"line":23,"column":3}},"line":16},"2":{"name":"(anonymous_2)","decl":{"start":{"line":25,"column":2},"end":{"line":25,"column":3}},"loc":{"start":{"line":25,"column":40},"end":{"line":29,"column":3}},"line":25},"3":{"name":"(anonymous_3)","decl":{"start":{"line":31,"column":2},"end":{"line":31,"column":3}},"loc":{"start":{"line":31,"column":42},"end":{"line":36,"column":3}},"line":31}},"branchMap":{"0":{"loc":{"start":{"line":19,"column":4},"end":{"line":19,"column":44}},"type":"if","locations":[{"start":{"line":19,"column":4},"end":{"line":19,"column":44}},{"start":{},"end":{}}],"line":19}},"s":{"0":0,"1":0,"2":0,"3":0,"4":0,"5":0,"6":0,"7":0,"8":0,"9":0,"10":0,"11":0,"12":0,"13":0,"14":0,"15":0,"16":0,"17":0,"18":0,"19":0,"20":0,"21":0},"f":{"0":0,"1":0,"2":0,"3":0},"b":{"0":[0,0]},"_coverageSchema":"1a1c01bbd47fc00a2c39e90264f33305004495a9","hash":"cd684386aefebb555c9e0b7a834ed17dabb04ebd"}
,"/Users/buka/Desktop/Brainnest/brainnest_my_library_with_tests/src/modal.js": {"path":"/Users/buka/Desktop/Brainnest/brainnest_my_library_with_tests/src/modal.js","statementMap":{"0":{"start":{"line":3,"column":14},"end":{"line":3,"column":46}},"1":{"start":{"line":4,"column":21},"end":{"line":4,"column":61}},"2":{"start":{"line":5,"column":18},"end":{"line":5,"column":55}},"3":{"start":{"line":7,"column":18},"end":{"line":10,"column":1}},"4":{"start":{"line":8,"column":2},"end":{"line":8,"column":41}},"5":{"start":{"line":9,"column":2},"end":{"line":9,"column":31}},"6":{"start":{"line":12,"column":19},"end":{"line":18,"column":1}},"7":{"start":{"line":13,"column":2},"end":{"line":16,"column":3}},"8":{"start":{"line":14,"column":4},"end":{"line":14,"column":41}},"9":{"start":{"line":15,"column":4},"end":{"line":15,"column":32}},"10":{"start":{"line":17,"column":2},"end":{"line":17,"column":21}},"11":{"start":{"line":20,"column":0},"end":{"line":22,"column":1}},"12":{"start":{"line":21,"column":2},"end":{"line":21,"column":49}},"13":{"start":{"line":24,"column":0},"end":{"line":26,"column":1}},"14":{"start":{"line":25,"column":2},"end":{"line":25,"column":52}},"15":{"start":{"line":28,"column":0},"end":{"line":30,"column":1}},"16":{"start":{"line":29,"column":2},"end":{"line":29,"column":45}},"17":{"start":{"line":32,"column":0},"end":{"line":37,"column":2}},"18":{"start":{"line":33,"column":2},"end":{"line":36,"column":3}},"19":{"start":{"line":34,"column":4},"end":{"line":34,"column":41}},"20":{"start":{"line":35,"column":4},"end":{"line":35,"column":32}}},"fnMap":{"0":{"name":"(anonymous_0)","decl":{"start":{"line":7,"column":18},"end":{"line":7,"column":19}},"loc":{"start":{"line":7,"column":25},"end":{"line":10,"column":1}},"line":7},"1":{"name":"(anonymous_1)","decl":{"start":{"line":12,"column":19},"end":{"line":12,"column":20}},"loc":{"start":{"line":12,"column":26},"end":{"line":18,"column":1}},"line":12},"2":{"name":"(anonymous_2)","decl":{"start":{"line":32,"column":37},"end":{"line":32,"column":38}},"loc":{"start":{"line":32,"column":49},"end":{"line":37,"column":1}},"line":32}},"branchMap":{"0":{"loc":{"start":{"line":13,"column":2},"end":{"line":16,"column":3}},"type":"if","locations":[{"start":{"line":13,"column":2},"end":{"line":16,"column":3}},{"start":{},"end":{}}],"line":13},"1":{"loc":{"start":{"line":13,"column":6},"end":{"line":13,"column":70}},"type":"binary-expr","locations":[{"start":{"line":13,"column":6},"end":{"line":13,"column":14}},{"start":{"line":13,"column":18},"end":{"line":13,"column":70}}],"line":13},"2":{"loc":{"start":{"line":20,"column":0},"end":{"line":22,"column":1}},"type":"if","locations":[{"start":{"line":20,"column":0},"end":{"line":22,"column":1}},{"start":{},"end":{}}],"line":20},"3":{"loc":{"start":{"line":24,"column":0},"end":{"line":26,"column":1}},"type":"if","locations":[{"start":{"line":24,"column":0},"end":{"line":26,"column":1}},{"start":{},"end":{}}],"line":24},"4":{"loc":{"start":{"line":28,"column":0},"end":{"line":30,"column":1}},"type":"if","locations":[{"start":{"line":28,"column":0},"end":{"line":30,"column":1}},{"start":{},"end":{}}],"line":28},"5":{"loc":{"start":{"line":33,"column":2},"end":{"line":36,"column":3}},"type":"if","locations":[{"start":{"line":33,"column":2},"end":{"line":36,"column":3}},{"start":{},"end":{}}],"line":33}},"s":{"0":1,"1":1,"2":1,"3":1,"4":0,"5":0,"6":1,"7":0,"8":0,"9":0,"10":0,"11":1,"12":0,"13":1,"14":0,"15":1,"16":0,"17":1,"18":0,"19":0,"20":0},"f":{"0":0,"1":0,"2":0},"b":{"0":[0,0],"1":[0,0],"2":[0,1],"3":[0,1],"4":[0,1],"5":[0,0]},"_coverageSchema":"1a1c01bbd47fc00a2c39e90264f33305004495a9","hash":"efe0e68f7615550c1d27b351126000ad06f8c999"}
,"/Users/buka/Desktop/Brainnest/brainnest_my_library_with_tests/src/progress-bar.js": {"path":"/Users/buka/Desktop/Brainnest/brainnest_my_library_with_tests/src/progress-bar.js","statementMap":{"0":{"start":{"line":6,"column":19},"end":{"line":6,"column":20}},"1":{"start":{"line":7,"column":24},"end":{"line":7,"column":64}},"2":{"start":{"line":8,"column":27},"end":{"line":8,"column":66}},"3":{"start":{"line":9,"column":24},"end":{"line":9,"column":62}},"4":{"start":{"line":10,"column":22},"end":{"line":12,"column":6}},"5":{"start":{"line":11,"column":6},"end":{"line":11,"column":24}},"6":{"start":{"line":13,"column":4},"end":{"line":22,"column":5}},"7":{"start":{"line":14,"column":6},"end":{"line":14,"column":70}},"8":{"start":{"line":15,"column":6},"end":{"line":15,"column":62}},"9":{"start":{"line":16,"column":6},"end":{"line":16,"column":49}},"10":{"start":{"line":17,"column":6},"end":{"line":17,"column":40}},"11":{"start":{"line":19,"column":6},"end":{"line":19,"column":37}},"12":{"start":{"line":20,"column":6},"end":{"line":20,"column":58}},"13":{"start":{"line":21,"column":6},"end":{"line":21,"column":41}},"14":{"start":{"line":23,"column":4},"end":{"line":23,"column":44}},"15":{"start":{"line":24,"column":4},"end":{"line":24,"column":19}}},"fnMap":{"0":{"name":"(anonymous_0)","decl":{"start":{"line":5,"column":2},"end":{"line":5,"column":3}},"loc":{"start":{"line":5,"column":36},"end":{"line":25,"column":3}},"line":5},"1":{"name":"(anonymous_1)","decl":{"start":{"line":10,"column":39},"end":{"line":10,"column":40}},"loc":{"start":{"line":10,"column":49},"end":{"line":12,"column":5}},"line":10}},"branchMap":{"0":{"loc":{"start":{"line":13,"column":4},"end":{"line":22,"column":5}},"type":"if","locations":[{"start":{"line":13,"column":4},"end":{"line":22,"column":5}},{"start":{"line":18,"column":11},"end":{"line":22,"column":5}}],"line":13}},"s":{"0":0,"1":0,"2":0,"3":0,"4":0,"5":0,"6":0,"7":0,"8":0,"9":0,"10":0,"11":0,"12":0,"13":0,"14":0,"15":0},"f":{"0":0,"1":0},"b":{"0":[0,0]},"_coverageSchema":"1a1c01bbd47fc00a2c39e90264f33305004495a9","hash":"0d59f1f80c3489d0a1c1e801066faf9cc7a12d6f"}
,"/Users/buka/Desktop/Brainnest/brainnest_my_library_with_tests/src/storage.js": {"path":"/Users/buka/Desktop/Brainnest/brainnest_my_library_with_tests/src/storage.js","statementMap":{"0":{"start":{"line":8,"column":4},"end":{"line":13,"column":6}},"1":{"start":{"line":9,"column":6},"end":{"line":12,"column":20}},"2":{"start":{"line":10,"column":20},"end":{"line":10,"column":106}},"3":{"start":{"line":11,"column":8},"end":{"line":11,"column":22}},"4":{"start":{"line":18,"column":4},"end":{"line":23,"column":6}},"5":{"start":{"line":19,"column":6},"end":{"line":22,"column":20}},"6":{"start":{"line":20,"column":8},"end":{"line":20,"column":68}},"7":{"start":{"line":21,"column":8},"end":{"line":21,"column":17}},"8":{"start":{"line":27,"column":4},"end":{"line":29,"column":5}},"9":{"start":{"line":28,"column":6},"end":{"line":28,"column":25}},"10":{"start":{"line":30,"column":20},"end":{"line":30,"column":53}},"11":{"start":{"line":31,"column":4},"end":{"line":31,"column":20}},"12":{"start":{"line":35,"column":4},"end":{"line":35,"column":49}},"13":{"start":{"line":36,"column":4},"end":{"line":38,"column":5}},"14":{"start":{"line":37,"column":6},"end":{"line":37,"column":31}},"15":{"start":{"line":39,"column":4},"end":{"line":39,"column":41}}},"fnMap":{"0":{"name":"(anonymous_0)","decl":{"start":{"line":7,"column":2},"end":{"line":7,"column":3}},"loc":{"start":{"line":7,"column":37},"end":{"line":14,"column":3}},"line":7},"1":{"name":"(anonymous_1)","decl":{"start":{"line":8,"column":23},"end":{"line":8,"column":24}},"loc":{"start":{"line":8,"column":44},"end":{"line":13,"column":5}},"line":8},"2":{"name":"(anonymous_2)","decl":{"start":{"line":9,"column":17},"end":{"line":9,"column":18}},"loc":{"start":{"line":9,"column":23},"end":{"line":12,"column":7}},"line":9},"3":{"name":"(anonymous_3)","decl":{"start":{"line":17,"column":2},"end":{"line":17,"column":3}},"loc":{"start":{"line":17,"column":49},"end":{"line":24,"column":3}},"line":17},"4":{"name":"(anonymous_4)","decl":{"start":{"line":18,"column":23},"end":{"line":18,"column":24}},"loc":{"start":{"line":18,"column":44},"end":{"line":23,"column":5}},"line":18},"5":{"name":"(anonymous_5)","decl":{"start":{"line":19,"column":17},"end":{"line":19,"column":18}},"loc":{"start":{"line":19,"column":23},"end":{"line":22,"column":7}},"line":19},"6":{"name":"(anonymous_6)","decl":{"start":{"line":26,"column":2},"end":{"line":26,"column":3}},"loc":{"start":{"line":26,"column":35},"end":{"line":32,"column":3}},"line":26},"7":{"name":"(anonymous_7)","decl":{"start":{"line":34,"column":2},"end":{"line":34,"column":3}},"loc":{"start":{"line":34,"column":46},"end":{"line":40,"column":3}},"line":34}},"branchMap":{"0":{"loc":{"start":{"line":10,"column":20},"end":{"line":10,"column":106}},"type":"cond-expr","locations":[{"start":{"line":10,"column":56},"end":{"line":10,"column":101}},{"start":{"line":10,"column":104},"end":{"line":10,"column":106}}],"line":10},"1":{"loc":{"start":{"line":27,"column":4},"end":{"line":29,"column":5}},"type":"if","locations":[{"start":{"line":27,"column":4},"end":{"line":29,"column":5}},{"start":{},"end":{}}],"line":27},"2":{"loc":{"start":{"line":36,"column":4},"end":{"line":38,"column":5}},"type":"if","locations":[{"start":{"line":36,"column":4},"end":{"line":38,"column":5}},{"start":{},"end":{}}],"line":36}},"s":{"0":2,"1":2,"2":2,"3":2,"4":1,"5":1,"6":1,"7":1,"8":2,"9":2,"10":2,"11":2,"12":1,"13":1,"14":1,"15":1},"f":{"0":2,"1":2,"2":2,"3":1,"4":1,"5":1,"6":2,"7":1},"b":{"0":[1,1],"1":[2,0],"2":[1,0]},"_coverageSchema":"1a1c01bbd47fc00a2c39e90264f33305004495a9","hash":"bd4abaf55c98eaed06c95023105748e9aaf7eecc"}
,"/Users/buka/Desktop/Brainnest/brainnest_my_library_with_tests/src/ui.js": {"path":"/Users/buka/Desktop/Brainnest/brainnest_my_library_with_tests/src/ui.js","statementMap":{"0":{"start":{"line":8,"column":18},"end":{"line":8,"column":50}},"1":{"start":{"line":9,"column":20},"end":{"line":9,"column":102}},"2":{"start":{"line":10,"column":4},"end":{"line":10,"column":37}},"3":{"start":{"line":14,"column":18},"end":{"line":14,"column":50}},"4":{"start":{"line":15,"column":4},"end":{"line":15,"column":27}},"5":{"start":{"line":16,"column":18},"end":{"line":16,"column":27}},"6":{"start":{"line":17,"column":4},"end":{"line":46,"column":5}},"7":{"start":{"line":18,"column":4},"end":{"line":43,"column":6}},"8":{"start":{"line":19,"column":22},"end":{"line":41,"column":20}},"9":{"start":{"line":42,"column":4},"end":{"line":42,"column":33}},"10":{"start":{"line":45,"column":6},"end":{"line":45,"column":60}},"11":{"start":{"line":50,"column":19},"end":{"line":50,"column":53}},"12":{"start":{"line":51,"column":4},"end":{"line":51,"column":29}},"13":{"start":{"line":52,"column":4},"end":{"line":52,"column":38}},"14":{"start":{"line":56,"column":22},"end":{"line":56,"column":46}},"15":{"start":{"line":59,"column":4},"end":{"line":90,"column":5}},"16":{"start":{"line":61,"column":8},"end":{"line":63,"column":11}},"17":{"start":{"line":62,"column":10},"end":{"line":62,"column":47}},"18":{"start":{"line":64,"column":8},"end":{"line":64,"column":13}},"19":{"start":{"line":66,"column":8},"end":{"line":68,"column":11}},"20":{"start":{"line":67,"column":10},"end":{"line":67,"column":49}},"21":{"start":{"line":69,"column":8},"end":{"line":69,"column":13}},"22":{"start":{"line":71,"column":8},"end":{"line":73,"column":11}},"23":{"start":{"line":72,"column":10},"end":{"line":72,"column":53}},"24":{"start":{"line":74,"column":8},"end":{"line":74,"column":13}},"25":{"start":{"line":76,"column":8},"end":{"line":78,"column":11}},"26":{"start":{"line":77,"column":10},"end":{"line":77,"column":54}},"27":{"start":{"line":79,"column":8},"end":{"line":79,"column":13}},"28":{"start":{"line":81,"column":8},"end":{"line":83,"column":11}},"29":{"start":{"line":82,"column":10},"end":{"line":82,"column":36}},"30":{"start":{"line":84,"column":8},"end":{"line":84,"column":13}},"31":{"start":{"line":87,"column":8},"end":{"line":89,"column":11}},"32":{"start":{"line":88,"column":10},"end":{"line":88,"column":66}},"33":{"start":{"line":91,"column":4},"end":{"line":91,"column":35}},"34":{"start":{"line":94,"column":31},"end":{"line":99,"column":3}},"35":{"start":{"line":95,"column":4},"end":{"line":95,"column":49}},"36":{"start":{"line":96,"column":4},"end":{"line":96,"column":47}},"37":{"start":{"line":97,"column":4},"end":{"line":97,"column":2063}},"38":{"start":{"line":98,"column":4},"end":{"line":98,"column":15}},"39":{"start":{"line":101,"column":24},"end":{"line":107,"column":3}},"40":{"start":{"line":102,"column":4},"end":{"line":102,"column":22}},"41":{"start":{"line":103,"column":4},"end":{"line":103,"column":17}},"42":{"start":{"line":104,"column":21},"end":{"line":104,"column":43}},"43":{"start":{"line":105,"column":22},"end":{"line":105,"column":50}},"44":{"start":{"line":106,"column":4},"end":{"line":106,"column":37}},"45":{"start":{"line":109,"column":23},"end":{"line":124,"column":3}},"46":{"start":{"line":110,"column":20},"end":{"line":110,"column":65}},"47":{"start":{"line":111,"column":17},"end":{"line":111,"column":68}},"48":{"start":{"line":112,"column":22},"end":{"line":112,"column":58}},"49":{"start":{"line":113,"column":19},"end":{"line":113,"column":35}},"50":{"start":{"line":115,"column":4},"end":{"line":119,"column":13}},"51":{"start":{"line":117,"column":6},"end":{"line":117,"column":33}},"52":{"start":{"line":118,"column":6},"end":{"line":118,"column":37}},"53":{"start":{"line":121,"column":4},"end":{"line":123,"column":5}},"54":{"start":{"line":122,"column":6},"end":{"line":122,"column":32}}},"fnMap":{"0":{"name":"(anonymous_0)","decl":{"start":{"line":7,"column":2},"end":{"line":7,"column":3}},"loc":{"start":{"line":7,"column":27},"end":{"line":11,"column":3}},"line":7},"1":{"name":"(anonymous_1)","decl":{"start":{"line":13,"column":2},"end":{"line":13,"column":3}},"loc":{"start":{"line":13,"column":32},"end":{"line":47,"column":3}},"line":13},"2":{"name":"(anonymous_2)","decl":{"start":{"line":18,"column":20},"end":{"line":18,"column":21}},"loc":{"start":{"line":18,"column":98},"end":{"line":43,"column":5}},"line":18},"3":{"name":"(anonymous_3)","decl":{"start":{"line":49,"column":2},"end":{"line":49,"column":3}},"loc":{"start":{"line":49,"column":31},"end":{"line":53,"column":3}},"line":49},"4":{"name":"(anonymous_4)","decl":{"start":{"line":55,"column":2},"end":{"line":55,"column":3}},"loc":{"start":{"line":55,"column":35},"end":{"line":92,"column":3}},"line":55},"5":{"name":"(anonymous_5)","decl":{"start":{"line":61,"column":39},"end":{"line":61,"column":40}},"loc":{"start":{"line":61,"column":54},"end":{"line":63,"column":9}},"line":61},"6":{"name":"(anonymous_6)","decl":{"start":{"line":66,"column":39},"end":{"line":66,"column":40}},"loc":{"start":{"line":66,"column":54},"end":{"line":68,"column":9}},"line":66},"7":{"name":"(anonymous_7)","decl":{"start":{"line":71,"column":39},"end":{"line":71,"column":40}},"loc":{"start":{"line":71,"column":54},"end":{"line":73,"column":9}},"line":71},"8":{"name":"(anonymous_8)","decl":{"start":{"line":76,"column":39},"end":{"line":76,"column":40}},"loc":{"start":{"line":76,"column":54},"end":{"line":78,"column":9}},"line":76},"9":{"name":"(anonymous_9)","decl":{"start":{"line":81,"column":39},"end":{"line":81,"column":40}},"loc":{"start":{"line":81,"column":54},"end":{"line":83,"column":9}},"line":81},"10":{"name":"(anonymous_10)","decl":{"start":{"line":87,"column":39},"end":{"line":87,"column":40}},"loc":{"start":{"line":87,"column":54},"end":{"line":89,"column":9}},"line":87},"11":{"name":"(anonymous_11)","decl":{"start":{"line":94,"column":31},"end":{"line":94,"column":32}},"loc":{"start":{"line":94,"column":37},"end":{"line":99,"column":3}},"line":94},"12":{"name":"(anonymous_12)","decl":{"start":{"line":101,"column":24},"end":{"line":101,"column":25}},"loc":{"start":{"line":101,"column":31},"end":{"line":107,"column":3}},"line":101},"13":{"name":"(anonymous_13)","decl":{"start":{"line":109,"column":23},"end":{"line":109,"column":24}},"loc":{"start":{"line":109,"column":29},"end":{"line":124,"column":3}},"line":109},"14":{"name":"(anonymous_14)","decl":{"start":{"line":115,"column":36},"end":{"line":115,"column":37}},"loc":{"start":{"line":115,"column":42},"end":{"line":119,"column":5}},"line":115}},"branchMap":{"0":{"loc":{"start":{"line":17,"column":4},"end":{"line":46,"column":5}},"type":"if","locations":[{"start":{"line":17,"column":4},"end":{"line":46,"column":5}},{"start":{"line":44,"column":11},"end":{"line":46,"column":5}}],"line":17},"1":{"loc":{"start":{"line":22,"column":24},"end":{"line":22,"column":74}},"type":"cond-expr","locations":[{"start":{"line":22,"column":36},"end":{"line":22,"column":45}},{"start":{"line":22,"column":48},"end":{"line":22,"column":74}}],"line":22},"2":{"loc":{"start":{"line":34,"column":107},"end":{"line":34,"column":130}},"type":"cond-expr","locations":[{"start":{"line":34,"column":116},"end":{"line":34,"column":125}},{"start":{"line":34,"column":128},"end":{"line":34,"column":130}}],"line":34},"3":{"loc":{"start":{"line":36,"column":105},"end":{"line":36,"column":129}},"type":"cond-expr","locations":[{"start":{"line":36,"column":115},"end":{"line":36,"column":124}},{"start":{"line":36,"column":127},"end":{"line":36,"column":129}}],"line":36},"4":{"loc":{"start":{"line":59,"column":4},"end":{"line":90,"column":5}},"type":"switch","locations":[{"start":{"line":60,"column":6},"end":{"line":64,"column":13}},{"start":{"line":65,"column":6},"end":{"line":69,"column":13}},{"start":{"line":70,"column":6},"end":{"line":74,"column":13}},{"start":{"line":75,"column":6},"end":{"line":79,"column":13}},{"start":{"line":80,"column":6},"end":{"line":84,"column":13}},{"start":{"line":85,"column":6},"end":{"line":89,"column":11}}],"line":59},"5":{"loc":{"start":{"line":121,"column":4},"end":{"line":123,"column":5}},"type":"if","locations":[{"start":{"line":121,"column":4},"end":{"line":123,"column":5}},{"start":{},"end":{}}],"line":121}},"s":{"0":0,"1":0,"2":0,"3":0,"4":0,"5":0,"6":0,"7":0,"8":0,"9":0,"10":0,"11":0,"12":0,"13":0,"14":0,"15":0,"16":0,"17":0,"18":0,"19":0,"20":0,"21":0,"22":0,"23":0,"24":0,"25":0,"26":0,"27":0,"28":0,"29":0,"30":0,"31":0,"32":0,"33":0,"34":1,"35":0,"36":0,"37":0,"38":0,"39":1,"40":0,"41":0,"42":0,"43":0,"44":0,"45":1,"46":0,"47":0,"48":0,"49":0,"50":0,"51":0,"52":0,"53":0,"54":0},"f":{"0":0,"1":0,"2":0,"3":0,"4":0,"5":0,"6":0,"7":0,"8":0,"9":0,"10":0,"11":0,"12":0,"13":0,"14":0},"b":{"0":[0,0],"1":[0,0],"2":[0,0],"3":[0,0],"4":[0,0,0,0,0,0],"5":[0,0]},"_coverageSchema":"1a1c01bbd47fc00a2c39e90264f33305004495a9","hash":"2402315f9de93971d1d1b244ed5ea5223796f329"}
}
