TN:
SF:src/book.js
FN:5,(anonymous_0)
FN:16,(anonymous_1)
FN:25,(anonymous_2)
FN:31,(anonymous_3)
FNF:4
FNH:2
FNDA:1,(anonymous_0)
FNDA:1,(anonymous_1)
FNDA:0,(anonymous_2)
FNDA:0,(anonymous_3)
DA:6,1
DA:7,1
DA:8,1
DA:9,1
DA:10,1
DA:11,1
DA:12,1
DA:13,1
DA:16,3
DA:17,1
DA:18,1
DA:19,1
DA:20,1
DA:21,1
DA:22,1
DA:25,3
DA:26,0
DA:27,0
DA:28,0
DA:31,3
DA:32,0
DA:33,0
DA:34,0
DA:35,0
LF:24
LH:17
BRDA:19,0,0,0
BRDA:19,0,1,1
BRF:2
BRH:1
end_of_record
TN:
SF:src/modal.js
FN:7,(anonymous_0)
FN:12,(anonymous_1)
FN:32,(anonymous_2)
FNF:3
FNH:0
FNDA:0,(anonymous_0)
FNDA:0,(anonymous_1)
FNDA:0,(anonymous_2)
DA:3,2
DA:4,2
DA:5,2
DA:7,2
DA:8,0
DA:9,0
DA:12,2
DA:13,0
DA:14,0
DA:15,0
DA:17,0
DA:20,2
DA:21,0
DA:24,2
DA:25,0
DA:28,2
DA:29,0
DA:32,2
DA:33,0
DA:34,0
DA:35,0
LF:21
LH:9
BRDA:13,0,0,0
BRDA:13,0,1,0
BRDA:13,1,0,0
BRDA:13,1,1,0
BRDA:20,2,0,0
BRDA:20,2,1,2
BRDA:24,3,0,0
BRDA:24,3,1,2
BRDA:28,4,0,0
BRDA:28,4,1,2
BRDA:33,5,0,0
BRDA:33,5,1,0
BRF:12
BRH:3
end_of_record
TN:
SF:src/progress-bar.js
FN:5,(anonymous_0)
FN:11,(anonymous_1)
FNF:2
FNH:0
FNDA:0,(anonymous_0)
FNDA:0,(anonymous_1)
DA:5,2
DA:6,0
DA:7,0
DA:8,0
DA:9,0
DA:10,0
DA:11,0
DA:12,0
DA:14,0
DA:15,0
DA:16,0
DA:17,0
DA:18,0
DA:20,0
DA:21,0
DA:22,0
DA:24,0
DA:25,0
LF:18
LH:1
BRDA:14,0,0,0
BRDA:14,0,1,0
BRF:2
BRH:0
end_of_record
TN:
SF:src/storage.js
FN:6,(anonymous_0)
FN:11,(anonymous_1)
FNF:2
FNH:2
FNDA:3,(anonymous_0)
FNDA:1,(anonymous_1)
DA:7,3
DA:8,3
DA:12,1
DA:13,1
DA:14,1
DA:16,1
LF:6
LH:6
BRDA:7,0,0,1
BRDA:7,0,1,2
BRDA:13,1,0,1
BRDA:13,1,1,0
BRF:4
BRH:3
end_of_record
TN:
SF:src/ui.js
FN:7,(anonymous_0)
FN:12,(anonymous_1)
FN:43,(anonymous_2)
FN:49,(anonymous_3)
FN:55,(anonymous_4)
FN:60,(anonymous_5)
FN:65,(anonymous_6)
FN:70,(anonymous_7)
FN:75,(anonymous_8)
FN:81,(anonymous_9)
FN:88,(anonymous_10)
FN:95,(anonymous_11)
FN:103,(anonymous_12)
FN:109,(anonymous_13)
FNF:14
FNH:0
FNDA:0,(anonymous_0)
FNDA:0,(anonymous_1)
FNDA:0,(anonymous_2)
FNDA:0,(anonymous_3)
FNDA:0,(anonymous_4)
FNDA:0,(anonymous_5)
FNDA:0,(anonymous_6)
FNDA:0,(anonymous_7)
FNDA:0,(anonymous_8)
FNDA:0,(anonymous_9)
FNDA:0,(anonymous_10)
FNDA:0,(anonymous_11)
FNDA:0,(anonymous_12)
FNDA:0,(anonymous_13)
DA:8,0
DA:9,0
DA:10,0
DA:11,0
DA:12,0
DA:13,0
DA:36,0
DA:39,0
DA:44,0
DA:45,0
DA:46,0
DA:50,0
DA:53,0
DA:55,0
DA:56,0
DA:58,0
DA:60,0
DA:61,0
DA:63,0
DA:65,0
DA:66,0
DA:68,0
DA:70,0
DA:71,0
DA:73,0
DA:75,0
DA:76,0
DA:78,0
DA:81,0
DA:82,0
DA:85,0
DA:88,2
DA:89,0
DA:90,0
DA:91,0
DA:92,0
DA:95,2
DA:96,0
DA:97,0
DA:98,0
DA:99,0
DA:100,0
DA:103,2
DA:104,0
DA:105,0
DA:106,0
DA:107,0
DA:109,0
DA:111,0
DA:112,0
DA:115,0
DA:116,0
LF:52
LH:3
BRDA:11,0,0,0
BRDA:11,0,1,0
BRDA:16,1,0,0
BRDA:16,1,1,0
BRDA:28,2,0,0
BRDA:28,2,1,0
BRDA:30,3,0,0
BRDA:30,3,1,0
BRDA:53,4,0,0
BRDA:53,4,1,0
BRDA:53,4,2,0
BRDA:53,4,3,0
BRDA:53,4,4,0
BRDA:53,4,5,0
BRDA:115,5,0,0
BRDA:115,5,1,0
BRF:16
BRH:0
end_of_record
